> Task :app:preBuild UP-TO-DATE
> Task :app:preDebugBuild UP-TO-DATE
> Task :app:mergeDebugNativeDebugMetadata NO-SOURCE
> Task :app:checkKotlinGradlePluginConfigurationErrors SKIPPED
> Task :dfcards-library:preBuild UP-TO-DATE
> Task :dfcards-library:preDebugBuild UP-TO-DATE
> Task :dfcards-library:writeDebugAarMetadata UP-TO-DATE
> Task :app:checkDebugAarMetadata UP-TO-DATE
> Task :app:generateDebugResValues UP-TO-DATE
> Task :dfcards-library:generateDebugResValues UP-TO-DATE
> Task :dfcards-library:generateDebugResources UP-TO-DATE
> Task :dfcards-library:packageDebugResources UP-TO-DATE
> Task :app:mapDebugSourceSetPaths UP-TO-DATE
> Task :app:generateDebugResources UP-TO-DATE
> Task :app:mergeDebugResources UP-TO-DATE
> Task :app:packageDebugResources UP-TO-DATE
> Task :app:parseDebugLocalResources UP-TO-DATE
> Task :app:createDebugCompatibleScreenManifests UP-TO-DATE
> Task :app:extractDeepLinksDebug UP-TO-DATE
> Task :dfcards-library:extractDeepLinksDebug UP-TO-DATE
> Task :dfcards-library:processDebugManifest UP-TO-DATE
> Task :app:processDebugMainManifest
> Task :app:processDebugManifest
> Task :dfcards-library:compileDebugLibraryResources UP-TO-DATE
> Task :dfcards-library:parseDebugLocalResources UP-TO-DATE
> Task :dfcards-library:generateDebugRFile UP-TO-DATE
> Task :dfcards-library:checkKotlinGradlePluginConfigurationErrors SKIPPED
> Task :dfcards-library:compileDebugKotlin UP-TO-DATE
> Task :dfcards-library:javaPreCompileDebug UP-TO-DATE
> Task :dfcards-library:compileDebugJavaWithJavac NO-SOURCE
> Task :dfcards-library:bundleLibCompileToJarDebug UP-TO-DATE
> Task :app:javaPreCompileDebug UP-TO-DATE
> Task :app:mergeDebugShaders UP-TO-DATE
> Task :app:compileDebugShaders NO-SOURCE
> Task :app:generateDebugAssets UP-TO-DATE
> Task :dfcards-library:mergeDebugShaders UP-TO-DATE
> Task :dfcards-library:compileDebugShaders NO-SOURCE
> Task :dfcards-library:generateDebugAssets UP-TO-DATE
> Task :dfcards-library:mergeDebugAssets UP-TO-DATE
> Task :app:mergeDebugAssets UP-TO-DATE
> Task :app:compressDebugAssets UP-TO-DATE
> Task :dfcards-library:processDebugJavaRes UP-TO-DATE
> Task :app:checkDebugDuplicateClasses UP-TO-DATE
> Task :app:desugarDebugFileDependencies UP-TO-DATE
> Task :app:mergeExtDexDebug UP-TO-DATE
> Task :dfcards-library:bundleLibRuntimeToDirDebug UP-TO-DATE
> Task :app:mergeDebugJniLibFolders UP-TO-DATE
> Task :dfcards-library:mergeDebugJniLibFolders UP-TO-DATE
> Task :app:mergeLibDexDebug UP-TO-DATE
> Task :dfcards-library:mergeDebugNativeLibs NO-SOURCE
> Task :dfcards-library:copyDebugJniLibsProjectOnly UP-TO-DATE
> Task :app:mergeDebugNativeLibs UP-TO-DATE
> Task :app:stripDebugDebugSymbols UP-TO-DATE
> Task :app:validateSigningDebug UP-TO-DATE
> Task :app:writeDebugAppMetadata UP-TO-DATE
> Task :app:writeDebugSigningConfigVersions UP-TO-DATE
> Task :dfcards-library:stripDebugDebugSymbols NO-SOURCE
> Task :app:processDebugManifestForPackage
> Task :dfcards-library:copyDebugJniLibsProjectAndLocalJars UP-TO-DATE
> Task :dfcards-library:extractDebugAnnotations UP-TO-DATE
> Task :dfcards-library:extractDeepLinksForAarDebug UP-TO-DATE
> Task :dfcards-library:mergeDebugGeneratedProguardFiles UP-TO-DATE
> Task :dfcards-library:mergeDebugConsumerProguardFiles UP-TO-DATE
> Task :dfcards-library:prepareDebugArtProfile UP-TO-DATE
> Task :dfcards-library:prepareLintJarForPublish UP-TO-DATE
> Task :dfcards-library:mergeDebugJavaResource UP-TO-DATE
> Task :dfcards-library:syncDebugLibJars UP-TO-DATE
> Task :dfcards-library:bundleDebugAar UP-TO-DATE
> Task :dfcards-library:assembleDebug UP-TO-DATE
> Task :app:processDebugResources
> Task :app:compileDebugKotlin
> Task :app:compileDebugJavaWithJavac NO-SOURCE
> Task :app:processDebugJavaRes UP-TO-DATE
> Task :app:mergeDebugJavaResource UP-TO-DATE
> Task :app:dexBuilderDebug
> Task :app:mergeProjectDexDebug
> Task :app:packageDebug
> Task :app:createDebugApkListingFileRedirect
> Task :app:assembleDebug

BUILD SUCCESSFUL in 5s
62 actionable tasks: 9 executed, 53 up-to-date
