Configuration on demand is an incubating feature.
Reusing configuration cache.
> Task :core:time:preBuild UP-TO-DATE
> Task :feature:traffic:preBuild UP-TO-DATE
> Task :core:geometry:preBuild UP-TO-DATE
> Task :feature:igc:preBuild UP-TO-DATE
> Task :core:common:preBuild UP-TO-DATE
> Task :core:ui:preBuild UP-TO-DATE
> Task :feature:map:preBuild UP-TO-DATE
> Task :dfcards-library:preBuild UP-TO-DATE
> Task :feature:livefollow:preBuild UP-TO-DATE
> Task :app:checkKotlinGradlePluginConfigurationErrors SKIPPED
> Task :feature:tasks:preBuild UP-TO-DATE
> Task :core:time:preDebugBuild UP-TO-DATE
> Task :app:preBuild UP-TO-DATE
> Task :feature:flight-runtime:preBuild UP-TO-DATE
> Task :feature:profile:preBuild UP-TO-DATE
> Task :core:common:preDebugBuild UP-TO-DATE
> Task :feature:forecast:preBuild UP-TO-DATE
> Task :core:geometry:preDebugBuild UP-TO-DATE
> Task :feature:tasks:preDebugBuild UP-TO-DATE
> Task :feature:igc:preDebugBuild UP-TO-DATE
> Task :feature:map-runtime:preBuild UP-TO-DATE
> Task :feature:livefollow:preDebugBuild UP-TO-DATE
> Task :dfcards-library:preDebugBuild UP-TO-DATE
> Task :core:ui:preDebugBuild UP-TO-DATE
> Task :feature:traffic:preDebugBuild UP-TO-DATE
> Task :app:preDebugBuild UP-TO-DATE
> Task :feature:flight-runtime:preDebugBuild UP-TO-DATE
> Task :feature:profile:preDebugBuild UP-TO-DATE
> Task :feature:tasks:writeDebugAarMetadata UP-TO-DATE
> Task :core:time:writeDebugAarMetadata UP-TO-DATE
> Task :feature:forecast:preDebugBuild UP-TO-DATE
> Task :core:geometry:writeDebugAarMetadata UP-TO-DATE
> Task :core:common:writeDebugAarMetadata UP-TO-DATE
> Task :feature:forecast:writeDebugAarMetadata UP-TO-DATE
> Task :feature:igc:writeDebugAarMetadata UP-TO-DATE
> Task :feature:variometer:preBuild UP-TO-DATE
> Task :feature:flight-runtime:writeDebugAarMetadata UP-TO-DATE
> Task :feature:map:preDebugBuild UP-TO-DATE
> Task :feature:weather:preBuild UP-TO-DATE
> Task :feature:map-runtime:preDebugBuild UP-TO-DATE
> Task :dfcards-library:writeDebugAarMetadata UP-TO-DATE
> Task :feature:variometer:preDebugBuild UP-TO-DATE
> Task :feature:livefollow:writeDebugAarMetadata UP-TO-DATE
> Task :app:generateDebugBuildConfig UP-TO-DATE
> Task :core:ui:writeDebugAarMetadata UP-TO-DATE
> Task :feature:traffic:writeDebugAarMetadata UP-TO-DATE
> Task :feature:profile:writeDebugAarMetadata UP-TO-DATE
> Task :feature:weglide:preBuild UP-TO-DATE
> Task :feature:weather:preDebugBuild UP-TO-DATE
> Task :feature:map:writeDebugAarMetadata UP-TO-DATE
> Task :dfcards-library:processDebugNavigationResources UP-TO-DATE
> Task :core:geometry:processDebugNavigationResources UP-TO-DATE
> Task :core:common:processDebugNavigationResources UP-TO-DATE
> Task :feature:map-runtime:writeDebugAarMetadata UP-TO-DATE
> Task :feature:weather:writeDebugAarMetadata UP-TO-DATE
> Task :app:mergeDebugNativeDebugMetadata NO-SOURCE
> Task :feature:variometer:writeDebugAarMetadata UP-TO-DATE
> Task :core:ui:processDebugNavigationResources UP-TO-DATE
> Task :feature:igc:processDebugNavigationResources UP-TO-DATE
> Task :feature:flight-runtime:processDebugNavigationResources UP-TO-DATE
> Task :feature:map-runtime:processDebugNavigationResources UP-TO-DATE
> Task :core:time:processDebugNavigationResources UP-TO-DATE
> Task :feature:traffic:processDebugNavigationResources UP-TO-DATE
> Task :feature:profile:processDebugNavigationResources UP-TO-DATE
> Task :feature:map:processDebugNavigationResources UP-TO-DATE
> Task :feature:livefollow:processDebugNavigationResources UP-TO-DATE
> Task :feature:tasks:processDebugNavigationResources UP-TO-DATE
> Task :feature:weglide:preDebugBuild UP-TO-DATE
> Task :feature:forecast:processDebugNavigationResources UP-TO-DATE
> Task :core:geometry:generateDebugResValues UP-TO-DATE
> Task :feature:weather:processDebugNavigationResources UP-TO-DATE
> Task :core:ui:generateDebugResValues UP-TO-DATE
> Task :feature:forecast:generateDebugResValues UP-TO-DATE
> Task :feature:igc:generateDebugResValues UP-TO-DATE
> Task :feature:weglide:writeDebugAarMetadata UP-TO-DATE
> Task :feature:variometer:processDebugNavigationResources UP-TO-DATE
> Task :feature:flight-runtime:generateDebugResValues UP-TO-DATE
> Task :core:time:generateDebugResValues UP-TO-DATE
> Task :core:common:generateDebugResValues UP-TO-DATE
> Task :feature:livefollow:generateDebugResValues UP-TO-DATE
> Task :feature:map:generateDebugResValues UP-TO-DATE
> Task :dfcards-library:generateDebugResValues UP-TO-DATE
> Task :app:generateDebugResValues UP-TO-DATE
> Task :core:time:generateDebugResources UP-TO-DATE
> Task :feature:map-runtime:generateDebugResValues UP-TO-DATE
> Task :core:common:generateDebugResources UP-TO-DATE
> Task :feature:profile:generateDebugResValues UP-TO-DATE
> Task :dfcards-library:generateDebugResources UP-TO-DATE
> Task :feature:forecast:generateDebugResources UP-TO-DATE
> Task :feature:weglide:processDebugNavigationResources UP-TO-DATE
> Task :feature:igc:generateDebugResources UP-TO-DATE
> Task :feature:map-runtime:generateDebugResources UP-TO-DATE
> Task :core:geometry:generateDebugResources UP-TO-DATE
> Task :feature:map:generateDebugResources UP-TO-DATE
> Task :core:ui:generateDebugResources UP-TO-DATE
> Task :feature:tasks:generateDebugResValues UP-TO-DATE
> Task :feature:tasks:generateDebugResources UP-TO-DATE
> Task :feature:profile:generateDebugResources UP-TO-DATE
> Task :feature:flight-runtime:generateDebugResources UP-TO-DATE
> Task :core:time:packageDebugResources UP-TO-DATE
> Task :dfcards-library:packageDebugResources UP-TO-DATE
> Task :core:common:packageDebugResources UP-TO-DATE
> Task :feature:forecast:packageDebugResources UP-TO-DATE
> Task :feature:livefollow:generateDebugResources UP-TO-DATE
> Task :feature:traffic:generateDebugResValues UP-TO-DATE
> Task :feature:map:packageDebugResources UP-TO-DATE
> Task :feature:variometer:generateDebugResValues UP-TO-DATE
> Task :core:geometry:packageDebugResources UP-TO-DATE
> Task :app:checkDebugAarMetadata UP-TO-DATE
> Task :feature:map-runtime:packageDebugResources UP-TO-DATE
> Task :feature:tasks:packageDebugResources UP-TO-DATE
> Task :feature:weather:generateDebugResValues UP-TO-DATE
> Task :app:generateDebugResources UP-TO-DATE
> Task :feature:igc:packageDebugResources UP-TO-DATE
> Task :feature:weather:generateDebugResources UP-TO-DATE
> Task :app:createDebugCompatibleScreenManifests UP-TO-DATE
> Task :feature:traffic:generateDebugResources UP-TO-DATE
> Task :app:extractDeepLinksDebug UP-TO-DATE
> Task :dfcards-library:extractDeepLinksDebug UP-TO-DATE
> Task :feature:weglide:generateDebugResValues UP-TO-DATE
> Task :feature:variometer:generateDebugResources UP-TO-DATE
> Task :core:common:extractDeepLinksDebug UP-TO-DATE
> Task :core:geometry:extractDeepLinksDebug UP-TO-DATE
> Task :core:ui:packageDebugResources UP-TO-DATE
> Task :feature:profile:packageDebugResources UP-TO-DATE
> Task :feature:livefollow:packageDebugResources UP-TO-DATE
> Task :feature:weglide:generateDebugResources UP-TO-DATE
> Task :app:processDebugNavigationResources UP-TO-DATE
> Task :feature:flight-runtime:packageDebugResources UP-TO-DATE
> Task :dfcards-library:processDebugManifest UP-TO-DATE
> Task :feature:flight-runtime:extractDeepLinksDebug UP-TO-DATE
> Task :core:time:extractDeepLinksDebug UP-TO-DATE
> Task :core:ui:extractDeepLinksDebug UP-TO-DATE
> Task :app:packageDebugResources UP-TO-DATE
> Task :core:common:processDebugManifest UP-TO-DATE
> Task :app:compileDebugNavigationResources UP-TO-DATE
> Task :feature:forecast:extractDeepLinksDebug UP-TO-DATE
> Task :feature:weather:packageDebugResources UP-TO-DATE
> Task :core:geometry:processDebugManifest UP-TO-DATE
> Task :feature:livefollow:extractDeepLinksDebug UP-TO-DATE
> Task :feature:map:extractDeepLinksDebug UP-TO-DATE
> Task :feature:igc:extractDeepLinksDebug UP-TO-DATE
> Task :feature:traffic:packageDebugResources UP-TO-DATE
> Task :core:time:processDebugManifest UP-TO-DATE
> Task :feature:profile:extractDeepLinksDebug UP-TO-DATE
> Task :feature:map-runtime:extractDeepLinksDebug UP-TO-DATE
> Task :core:ui:processDebugManifest UP-TO-DATE
> Task :app:parseDebugLocalResources UP-TO-DATE
> Task :feature:variometer:packageDebugResources UP-TO-DATE
> Task :feature:tasks:extractDeepLinksDebug UP-TO-DATE
> Task :feature:forecast:processDebugManifest UP-TO-DATE
> Task :feature:traffic:extractDeepLinksDebug UP-TO-DATE
> Task :feature:flight-runtime:processDebugManifest UP-TO-DATE
> Task :feature:variometer:extractDeepLinksDebug UP-TO-DATE
> Task :feature:weather:extractDeepLinksDebug UP-TO-DATE
> Task :feature:weglide:packageDebugResources UP-TO-DATE
> Task :feature:livefollow:processDebugManifest UP-TO-DATE
> Task :feature:map:processDebugManifest UP-TO-DATE
> Task :feature:weglide:extractDeepLinksDebug UP-TO-DATE
> Task :feature:igc:processDebugManifest UP-TO-DATE
> Task :feature:map-runtime:processDebugManifest UP-TO-DATE
> Task :feature:profile:processDebugManifest UP-TO-DATE
> Task :feature:tasks:processDebugManifest UP-TO-DATE
> Task :feature:traffic:processDebugManifest UP-TO-DATE
> Task :feature:variometer:processDebugManifest UP-TO-DATE
> Task :feature:weather:processDebugManifest UP-TO-DATE
> Task :feature:weglide:processDebugManifest UP-TO-DATE
> Task :core:common:parseDebugLocalResources UP-TO-DATE
> Task :core:ui:compileDebugLibraryResources UP-TO-DATE
> Task :core:geometry:compileDebugLibraryResources UP-TO-DATE
> Task :core:time:compileDebugLibraryResources UP-TO-DATE
> Task :feature:forecast:compileDebugLibraryResources UP-TO-DATE
> Task :core:time:parseDebugLocalResources UP-TO-DATE
> Task :feature:flight-runtime:compileDebugLibraryResources UP-TO-DATE
> Task :feature:igc:compileDebugLibraryResources UP-TO-DATE
> Task :core:geometry:parseDebugLocalResources UP-TO-DATE
> Task :feature:flight-runtime:parseDebugLocalResources UP-TO-DATE
> Task :feature:forecast:parseDebugLocalResources UP-TO-DATE
> Task :core:common:compileDebugLibraryResources UP-TO-DATE
> Task :dfcards-library:compileDebugLibraryResources UP-TO-DATE
> Task :dfcards-library:parseDebugLocalResources UP-TO-DATE
> Task :feature:flight-runtime:generateDebugRFile UP-TO-DATE
> Task :core:time:generateDebugRFile UP-TO-DATE
> Task :feature:livefollow:compileDebugLibraryResources UP-TO-DATE
> Task :feature:map:compileDebugLibraryResources UP-TO-DATE
> Task :feature:livefollow:parseDebugLocalResources UP-TO-DATE
> Task :core:geometry:generateDebugRFile UP-TO-DATE
> Task :feature:map-runtime:compileDebugLibraryResources UP-TO-DATE
> Task :core:ui:parseDebugLocalResources UP-TO-DATE
> Task :feature:map:parseDebugLocalResources UP-TO-DATE
> Task :feature:tasks:compileDebugLibraryResources UP-TO-DATE
> Task :feature:livefollow:generateDebugRFile UP-TO-DATE
> Task :feature:map-runtime:parseDebugLocalResources UP-TO-DATE
> Task :feature:profile:compileDebugLibraryResources UP-TO-DATE
> Task :feature:tasks:parseDebugLocalResources UP-TO-DATE
> Task :feature:igc:parseDebugLocalResources UP-TO-DATE
> Task :feature:forecast:generateDebugRFile UP-TO-DATE
> Task :feature:traffic:compileDebugLibraryResources UP-TO-DATE
> Task :dfcards-library:generateDebugRFile UP-TO-DATE
> Task :feature:variometer:compileDebugLibraryResources UP-TO-DATE
> Task :feature:tasks:generateDebugRFile UP-TO-DATE
> Task :feature:variometer:parseDebugLocalResources UP-TO-DATE
> Task :feature:traffic:parseDebugLocalResources UP-TO-DATE
> Task :feature:profile:parseDebugLocalResources UP-TO-DATE
> Task :feature:weather:parseDebugLocalResources UP-TO-DATE
> Task :feature:map-runtime:generateDebugRFile UP-TO-DATE
> Task :core:common:generateDebugRFile UP-TO-DATE
> Task :feature:map:generateDebugRFile UP-TO-DATE
> Task :feature:weather:compileDebugLibraryResources UP-TO-DATE
> Task :app:mapDebugSourceSetPaths UP-TO-DATE
> Task :feature:weglide:compileDebugLibraryResources UP-TO-DATE
> Task :core:ui:generateDebugRFile UP-TO-DATE
> Task :feature:profile:generateDebugRFile UP-TO-DATE
> Task :app:mergeDebugResources UP-TO-DATE
> Task :feature:variometer:generateDebugRFile UP-TO-DATE
> Task :feature:weglide:parseDebugLocalResources UP-TO-DATE
> Task :core:geometry:checkKotlinGradlePluginConfigurationErrors SKIPPED
> Task :core:time:javaPreCompileDebug UP-TO-DATE
> Task :feature:igc:generateDebugRFile UP-TO-DATE
> Task :feature:traffic:generateDebugRFile UP-TO-DATE
> Task :core:geometry:javaPreCompileDebug UP-TO-DATE
> Task :core:time:checkKotlinGradlePluginConfigurationErrors SKIPPED
> Task :feature:forecast:checkKotlinGradlePluginConfigurationErrors SKIPPED
> Task :core:common:checkKotlinGradlePluginConfigurationErrors SKIPPED
> Task :core:common:javaPreCompileDebug UP-TO-DATE
> Task :dfcards-library:checkKotlinGradlePluginConfigurationErrors SKIPPED
> Task :feature:weather:generateDebugRFile UP-TO-DATE
> Task :dfcards-library:javaPreCompileDebug UP-TO-DATE
> Task :feature:flight-runtime:checkKotlinGradlePluginConfigurationErrors SKIPPED
> Task :core:common:generateDebugBuildConfig UP-TO-DATE
> Task :app:processDebugMainManifest UP-TO-DATE
> Task :core:ui:checkKotlinGradlePluginConfigurationErrors SKIPPED
> Task :feature:forecast:generateDebugBuildConfig UP-TO-DATE
> Task :feature:forecast:javaPreCompileDebug UP-TO-DATE
> Task :feature:flight-runtime:javaPreCompileDebug UP-TO-DATE
> Task :feature:livefollow:checkKotlinGradlePluginConfigurationErrors SKIPPED
> Task :core:ui:javaPreCompileDebug UP-TO-DATE
> Task :feature:traffic:checkKotlinGradlePluginConfigurationErrors SKIPPED
> Task :feature:variometer:checkKotlinGradlePluginConfigurationErrors SKIPPED
> Task :feature:igc:checkKotlinGradlePluginConfigurationErrors SKIPPED
> Task :feature:livefollow:generateDebugBuildConfig UP-TO-DATE
> Task :app:processDebugManifest UP-TO-DATE
> Task :feature:map:checkKotlinGradlePluginConfigurationErrors SKIPPED
> Task :feature:igc:javaPreCompileDebug UP-TO-DATE
> Task :feature:variometer:generateDebugBuildConfig UP-TO-DATE
> Task :app:processDebugManifestForPackage UP-TO-DATE
> Task :feature:livefollow:javaPreCompileDebug UP-TO-DATE
> Task :feature:weather:checkKotlinGradlePluginConfigurationErrors SKIPPED
> Task :feature:weglide:checkKotlinGradlePluginConfigurationErrors SKIPPED
> Task :feature:map:generateDebugBuildConfig UP-TO-DATE
> Task :feature:traffic:javaPreCompileDebug UP-TO-DATE
> Task :feature:variometer:javaPreCompileDebug UP-TO-DATE
> Task :feature:tasks:checkKotlinGradlePluginConfigurationErrors SKIPPED
> Task :feature:profile:checkKotlinGradlePluginConfigurationErrors SKIPPED
> Task :feature:map-runtime:generateDebugBuildConfig UP-TO-DATE
> Task :feature:map-runtime:checkKotlinGradlePluginConfigurationErrors SKIPPED
> Task :feature:tasks:generateDebugBuildConfig UP-TO-DATE
> Task :feature:weather:javaPreCompileDebug UP-TO-DATE
> Task :feature:map-runtime:javaPreCompileDebug UP-TO-DATE
> Task :feature:tasks:javaPreCompileDebug UP-TO-DATE
> Task :feature:weglide:generateDebugBuildConfig UP-TO-DATE
> Task :core:time:compileDebugKotlin UP-TO-DATE
> Task :core:geometry:compileDebugKotlin UP-TO-DATE
> Task :feature:weglide:generateDebugRFile UP-TO-DATE
> Task :core:common:mergeDebugShaders UP-TO-DATE
> Task :feature:profile:javaPreCompileDebug UP-TO-DATE
> Task :dfcards-library:mergeDebugShaders UP-TO-DATE
> Task :core:time:mergeDebugShaders UP-TO-DATE
> Task :feature:map:javaPreCompileDebug UP-TO-DATE
> Task :feature:weglide:javaPreCompileDebug UP-TO-DATE
> Task :app:mergeDebugShaders UP-TO-DATE
> Task :feature:map:mergeDebugShaders UP-TO-DATE
> Task :core:ui:mergeDebugShaders UP-TO-DATE
> Task :core:common:compileDebugShaders NO-SOURCE
> Task :dfcards-library:compileDebugShaders NO-SOURCE
> Task :dfcards-library:generateDebugAssets UP-TO-DATE
> Task :app:compileDebugShaders NO-SOURCE
> Task :app:generateDebugAssets UP-TO-DATE
> Task :feature:flight-runtime:mergeDebugShaders UP-TO-DATE
> Task :core:time:compileDebugShaders NO-SOURCE
> Task :feature:forecast:mergeDebugShaders UP-TO-DATE
> Task :feature:flight-runtime:compileDebugShaders NO-SOURCE
> Task :core:geometry:mergeDebugShaders UP-TO-DATE
> Task :feature:forecast:compileDebugShaders NO-SOURCE
> Task :core:ui:compileDebugShaders NO-SOURCE
> Task :feature:map-runtime:mergeDebugShaders UP-TO-DATE
> Task :feature:livefollow:mergeDebugShaders UP-TO-DATE
> Task :dfcards-library:mergeDebugAssets UP-TO-DATE
> Task :core:geometry:compileDebugJavaWithJavac NO-SOURCE
> Task :app:javaPreCompileDebug UP-TO-DATE
> Task :core:time:compileDebugJavaWithJavac NO-SOURCE
> Task :core:geometry:bundleLibRuntimeToJarDebug UP-TO-DATE
> Task :core:time:bundleLibCompileToJarDebug UP-TO-DATE
> Task :core:time:generateDebugAssets UP-TO-DATE
> Task :feature:igc:mergeDebugShaders UP-TO-DATE
> Task :core:time:bundleLibRuntimeToJarDebug UP-TO-DATE
> Task :core:geometry:bundleLibCompileToJarDebug UP-TO-DATE
> Task :feature:map:compileDebugShaders NO-SOURCE
> Task :feature:map:generateDebugAssets UP-TO-DATE
> Task :core:common:generateDebugAssets UP-TO-DATE
> Task :feature:livefollow:compileDebugShaders NO-SOURCE
> Task :feature:forecast:generateDebugAssets UP-TO-DATE
> Task :core:ui:generateDebugAssets UP-TO-DATE
> Task :feature:flight-runtime:generateDebugAssets UP-TO-DATE
> Task :feature:forecast:mergeDebugAssets UP-TO-DATE
> Task :feature:livefollow:generateDebugAssets UP-TO-DATE
> Task :feature:igc:compileDebugShaders NO-SOURCE
> Task :core:ui:mergeDebugAssets UP-TO-DATE
> Task :core:geometry:compileDebugShaders NO-SOURCE
> Task :core:time:mergeDebugAssets UP-TO-DATE
> Task :feature:map:mergeDebugAssets UP-TO-DATE
> Task :feature:profile:mergeDebugShaders UP-TO-DATE
> Task :core:common:mergeDebugAssets UP-TO-DATE
> Task :feature:tasks:mergeDebugShaders UP-TO-DATE
> Task :feature:flight-runtime:mergeDebugAssets UP-TO-DATE
> Task :feature:traffic:mergeDebugShaders UP-TO-DATE
> Task :feature:map-runtime:compileDebugShaders NO-SOURCE
> Task :feature:weglide:mergeDebugShaders UP-TO-DATE
> Task :feature:livefollow:mergeDebugAssets UP-TO-DATE
> Task :feature:variometer:mergeDebugShaders UP-TO-DATE
> Task :feature:variometer:compileDebugShaders NO-SOURCE
> Task :feature:traffic:compileDebugShaders NO-SOURCE
> Task :core:geometry:generateDebugAssets UP-TO-DATE
> Task :feature:tasks:compileDebugShaders NO-SOURCE
> Task :feature:weglide:compileDebugShaders NO-SOURCE
> Task :feature:profile:compileDebugShaders NO-SOURCE
> Task :feature:igc:generateDebugAssets UP-TO-DATE
> Task :feature:weglide:generateDebugAssets UP-TO-DATE
> Task :feature:profile:generateDebugAssets UP-TO-DATE
> Task :feature:map-runtime:generateDebugAssets UP-TO-DATE
> Task :feature:variometer:generateDebugAssets UP-TO-DATE
> Task :feature:traffic:generateDebugAssets UP-TO-DATE
> Task :feature:tasks:generateDebugAssets UP-TO-DATE
> Task :app:desugarDebugFileDependencies UP-TO-DATE
> Task :feature:weglide:mergeDebugAssets UP-TO-DATE
> Task :feature:variometer:mergeDebugAssets UP-TO-DATE
> Task :feature:traffic:mergeDebugAssets UP-TO-DATE
> Task :feature:profile:mergeDebugAssets UP-TO-DATE
> Task :feature:map-runtime:mergeDebugAssets UP-TO-DATE
> Task :feature:igc:mergeDebugAssets UP-TO-DATE
> Task :core:geometry:mergeDebugAssets UP-TO-DATE
> Task :feature:weather:mergeDebugShaders UP-TO-DATE
> Task :core:time:processDebugJavaRes UP-TO-DATE
> Task :core:geometry:processDebugJavaRes UP-TO-DATE
> Task :feature:weather:compileDebugShaders NO-SOURCE
> Task :feature:weather:generateDebugAssets UP-TO-DATE
> Task :feature:weather:mergeDebugAssets UP-TO-DATE
> Task :feature:tasks:mergeDebugAssets UP-TO-DATE
> Task :core:common:compileDebugKotlin UP-TO-DATE
> Task :app:mergeDebugAssets UP-TO-DATE
> Task :app:mergeDebugJniLibFolders UP-TO-DATE
> Task :core:time:bundleLibRuntimeToDirDebug UP-TO-DATE
> Task :core:time:mergeDebugJniLibFolders UP-TO-DATE
> Task :core:common:mergeDebugJniLibFolders UP-TO-DATE
> Task :dfcards-library:mergeDebugJniLibFolders UP-TO-DATE
> Task :feature:flight-runtime:mergeDebugJniLibFolders UP-TO-DATE
> Task :core:geometry:mergeDebugJniLibFolders UP-TO-DATE
> Task :feature:forecast:mergeDebugJniLibFolders UP-TO-DATE
> Task :core:ui:mergeDebugJniLibFolders UP-TO-DATE
> Task :core:common:compileDebugJavaWithJavac UP-TO-DATE
> Task :core:common:processDebugJavaRes UP-TO-DATE
> Task :app:processDebugResources UP-TO-DATE
> Task :core:common:bundleLibRuntimeToJarDebug UP-TO-DATE
> Task :core:geometry:bundleLibRuntimeToDirDebug UP-TO-DATE
> Task :core:common:mergeDebugNativeLibs NO-SOURCE
> Task :core:ui:mergeDebugNativeLibs NO-SOURCE
> Task :feature:forecast:mergeDebugNativeLibs NO-SOURCE
> Task :core:common:bundleLibCompileToJarDebug UP-TO-DATE
> Task :app:compressDebugAssets UP-TO-DATE
> Task :dfcards-library:mergeDebugNativeLibs NO-SOURCE
> Task :feature:forecast:copyDebugJniLibsProjectOnly UP-TO-DATE
> Task :core:ui:copyDebugJniLibsProjectOnly UP-TO-DATE
> Task :core:geometry:mergeDebugNativeLibs NO-SOURCE
> Task :feature:flight-runtime:mergeDebugNativeLibs NO-SOURCE
> Task :core:common:copyDebugJniLibsProjectOnly UP-TO-DATE
> Task :core:ui:compileDebugKotlin UP-TO-DATE
> Task :core:ui:compileDebugJavaWithJavac NO-SOURCE
> Task :core:geometry:copyDebugJniLibsProjectOnly UP-TO-DATE
> Task :core:time:mergeDebugNativeLibs NO-SOURCE
> Task :feature:flight-runtime:copyDebugJniLibsProjectOnly UP-TO-DATE
> Task :feature:igc:mergeDebugJniLibFolders UP-TO-DATE
> Task :dfcards-library:copyDebugJniLibsProjectOnly UP-TO-DATE
> Task :core:ui:bundleLibRuntimeToJarDebug UP-TO-DATE
> Task :feature:livefollow:mergeDebugJniLibFolders UP-TO-DATE
> Task :core:ui:processDebugJavaRes UP-TO-DATE
> Task :core:ui:bundleLibCompileToJarDebug UP-TO-DATE
> Task :feature:livefollow:mergeDebugNativeLibs NO-SOURCE
> Task :feature:igc:mergeDebugNativeLibs NO-SOURCE
> Task :core:time:copyDebugJniLibsProjectOnly UP-TO-DATE
> Task :feature:profile:mergeDebugJniLibFolders UP-TO-DATE
> Task :feature:map:mergeDebugJniLibFolders UP-TO-DATE
> Task :feature:map-runtime:mergeDebugJniLibFolders UP-TO-DATE
> Task :feature:tasks:mergeDebugJniLibFolders UP-TO-DATE
> Task :feature:livefollow:copyDebugJniLibsProjectOnly UP-TO-DATE
> Task :feature:traffic:mergeDebugJniLibFolders UP-TO-DATE
> Task :feature:variometer:mergeDebugJniLibFolders UP-TO-DATE
> Task :feature:igc:copyDebugJniLibsProjectOnly UP-TO-DATE
> Task :feature:traffic:mergeDebugNativeLibs NO-SOURCE
> Task :feature:map:mergeDebugNativeLibs NO-SOURCE
> Task :feature:map-runtime:mergeDebugNativeLibs NO-SOURCE
> Task :feature:weather:mergeDebugJniLibFolders UP-TO-DATE
> Task :feature:profile:mergeDebugNativeLibs NO-SOURCE
> Task :feature:variometer:mergeDebugNativeLibs NO-SOURCE
> Task :feature:tasks:mergeDebugNativeLibs NO-SOURCE
> Task :feature:map-runtime:copyDebugJniLibsProjectOnly UP-TO-DATE
> Task :dfcards-library:kspDebugKotlin UP-TO-DATE
> Task :feature:map:copyDebugJniLibsProjectOnly UP-TO-DATE
> Task :feature:profile:copyDebugJniLibsProjectOnly UP-TO-DATE
> Task :feature:tasks:copyDebugJniLibsProjectOnly UP-TO-DATE
> Task :feature:weglide:mergeDebugJniLibFolders UP-TO-DATE
> Task :feature:weather:mergeDebugNativeLibs NO-SOURCE
> Task :feature:variometer:copyDebugJniLibsProjectOnly UP-TO-DATE
> Task :app:writeDebugAppMetadata UP-TO-DATE
> Task :feature:weglide:mergeDebugNativeLibs NO-SOURCE
> Task :app:writeDebugSigningConfigVersions UP-TO-DATE
> Task :dfcards-library:stripDebugDebugSymbols NO-SOURCE
> Task :feature:weather:copyDebugJniLibsProjectOnly UP-TO-DATE
> Task :dfcards-library:copyDebugJniLibsProjectAndLocalJars UP-TO-DATE
> Task :app:validateSigningDebug UP-TO-DATE
> Task :dfcards-library:checkDebugAarMetadata UP-TO-DATE
> Task :feature:weglide:copyDebugJniLibsProjectOnly UP-TO-DATE
> Task :core:common:bundleLibRuntimeToDirDebug UP-TO-DATE
> Task :core:common:stripDebugDebugSymbols NO-SOURCE
> Task :dfcards-library:extractDeepLinksForAarDebug UP-TO-DATE
> Task :dfcards-library:prepareDebugArtProfile UP-TO-DATE
> Task :dfcards-library:prepareLintJarForPublish UP-TO-DATE
> Task :core:common:checkDebugAarMetadata UP-TO-DATE
> Task :core:common:extractDeepLinksForAarDebug UP-TO-DATE
> Task :feature:traffic:copyDebugJniLibsProjectOnly UP-TO-DATE
> Task :core:common:mergeDebugGeneratedProguardFiles UP-TO-DATE
> Task :dfcards-library:compileDebugKotlin UP-TO-DATE
> Task :core:common:prepareLintJarForPublish UP-TO-DATE
> Task :core:common:prepareDebugArtProfile UP-TO-DATE
> Task :dfcards-library:compileDebugJavaWithJavac UP-TO-DATE
> Task :dfcards-library:processDebugJavaRes UP-TO-DATE
> Task :feature:igc:kspDebugKotlin UP-TO-DATE
> Task :core:ui:bundleLibRuntimeToDirDebug UP-TO-DATE
> Task :core:common:mergeDebugJavaResource UP-TO-DATE
> Task :core:geometry:stripDebugDebugSymbols NO-SOURCE
> Task :core:common:copyDebugJniLibsProjectAndLocalJars UP-TO-DATE
> Task :core:geometry:copyDebugJniLibsProjectAndLocalJars UP-TO-DATE
> Task :core:geometry:checkDebugAarMetadata UP-TO-DATE
> Task :core:common:mergeDebugConsumerProguardFiles UP-TO-DATE
> Task :core:geometry:extractDeepLinksForAarDebug UP-TO-DATE
> Task :feature:igc:compileDebugKotlin UP-TO-DATE
> Task :core:geometry:prepareLintJarForPublish UP-TO-DATE
> Task :dfcards-library:transformDebugClassesWithAsm UP-TO-DATE
> Task :feature:weather:kspDebugKotlin UP-TO-DATE
> Task :dfcards-library:bundleLibCompileToJarDebug UP-TO-DATE
> Task :dfcards-library:bundleLibRuntimeToJarDebug UP-TO-DATE
> Task :feature:igc:processDebugJavaRes UP-TO-DATE
> Task :feature:igc:compileDebugJavaWithJavac UP-TO-DATE
> Task :feature:forecast:kspDebugKotlin UP-TO-DATE
> Task :dfcards-library:mergeDebugJavaResource UP-TO-DATE
> Task :core:geometry:mergeDebugGeneratedProguardFiles UP-TO-DATE
> Task :feature:weather:compileDebugKotlin UP-TO-DATE
> Task :core:geometry:extractDebugAnnotations UP-TO-DATE
> Task :core:common:extractDebugAnnotations UP-TO-DATE
> Task :feature:forecast:compileDebugKotlin UP-TO-DATE
> Task :feature:weather:processDebugJavaRes UP-TO-DATE
> Task :feature:igc:transformDebugClassesWithAsm UP-TO-DATE
> Task :core:geometry:prepareDebugArtProfile UP-TO-DATE
> Task :feature:igc:bundleLibCompileToJarDebug UP-TO-DATE
> Task :feature:forecast:processDebugJavaRes UP-TO-DATE
> Task :feature:weather:compileDebugJavaWithJavac UP-TO-DATE
> Task :dfcards-library:extractDebugAnnotations UP-TO-DATE
> Task :feature:forecast:compileDebugJavaWithJavac UP-TO-DATE
> Task :core:common:syncDebugLibJars UP-TO-DATE
> Task :feature:igc:bundleLibRuntimeToJarDebug UP-TO-DATE
> Task :core:geometry:mergeDebugConsumerProguardFiles UP-TO-DATE
> Task :feature:weather:transformDebugClassesWithAsm UP-TO-DATE
> Task :feature:weather:bundleLibCompileToJarDebug UP-TO-DATE
> Task :dfcards-library:mergeDebugGeneratedProguardFiles UP-TO-DATE
> Task :feature:forecast:transformDebugClassesWithAsm UP-TO-DATE
> Task :feature:weather:bundleLibRuntimeToJarDebug UP-TO-DATE
> Task :feature:forecast:bundleLibRuntimeToJarDebug UP-TO-DATE
> Task :feature:forecast:bundleLibCompileToJarDebug UP-TO-DATE
> Task :core:common:bundleDebugAar UP-TO-DATE
> Task :core:geometry:mergeDebugJavaResource UP-TO-DATE
> Task :dfcards-library:syncDebugLibJars UP-TO-DATE
> Task :core:common:assembleDebug UP-TO-DATE
> Task :core:time:stripDebugDebugSymbols NO-SOURCE
> Task :dfcards-library:mergeDebugConsumerProguardFiles UP-TO-DATE
> Task :core:time:checkDebugAarMetadata UP-TO-DATE
> Task :core:geometry:syncDebugLibJars UP-TO-DATE
> Task :dfcards-library:bundleDebugAar UP-TO-DATE
> Task :dfcards-library:assembleDebug UP-TO-DATE
> Task :core:time:extractDeepLinksForAarDebug UP-TO-DATE
> Task :core:time:extractDebugAnnotations UP-TO-DATE
> Task :core:time:mergeDebugGeneratedProguardFiles UP-TO-DATE
> Task :core:time:copyDebugJniLibsProjectAndLocalJars UP-TO-DATE
> Task :core:time:prepareDebugArtProfile UP-TO-DATE
> Task :core:time:prepareLintJarForPublish UP-TO-DATE
> Task :core:ui:stripDebugDebugSymbols NO-SOURCE
> Task :core:time:mergeDebugConsumerProguardFiles UP-TO-DATE
> Task :core:time:mergeDebugJavaResource UP-TO-DATE
> Task :core:ui:prepareDebugArtProfile UP-TO-DATE
> Task :core:ui:mergeDebugGeneratedProguardFiles UP-TO-DATE
> Task :core:ui:copyDebugJniLibsProjectAndLocalJars UP-TO-DATE
> Task :core:ui:extractDeepLinksForAarDebug UP-TO-DATE
> Task :core:ui:extractDebugAnnotations UP-TO-DATE
> Task :core:ui:checkDebugAarMetadata UP-TO-DATE
> Task :core:time:syncDebugLibJars UP-TO-DATE
> Task :feature:flight-runtime:stripDebugDebugSymbols NO-SOURCE
> Task :core:ui:prepareLintJarForPublish UP-TO-DATE
> Task :core:ui:mergeDebugConsumerProguardFiles UP-TO-DATE
> Task :feature:flight-runtime:extractDeepLinksForAarDebug UP-TO-DATE
> Task :feature:flight-runtime:copyDebugJniLibsProjectAndLocalJars UP-TO-DATE
> Task :feature:flight-runtime:prepareDebugArtProfile UP-TO-DATE
> Task :feature:flight-runtime:prepareLintJarForPublish UP-TO-DATE
> Task :core:time:bundleDebugAar UP-TO-DATE
> Task :core:time:assembleDebug UP-TO-DATE
> Task :feature:forecast:stripDebugDebugSymbols NO-SOURCE
> Task :feature:flight-runtime:checkDebugAarMetadata UP-TO-DATE
> Task :feature:forecast:extractDeepLinksForAarDebug UP-TO-DATE
> Task :feature:flight-runtime:kspDebugKotlin UP-TO-DATE
> Task :feature:forecast:copyDebugJniLibsProjectAndLocalJars UP-TO-DATE
> Task :feature:forecast:checkDebugAarMetadata UP-TO-DATE
> Task :feature:forecast:prepareLintJarForPublish UP-TO-DATE
> Task :feature:forecast:prepareDebugArtProfile UP-TO-DATE
> Task :feature:forecast:mergeDebugGeneratedProguardFiles UP-TO-DATE
> Task :feature:igc:stripDebugDebugSymbols NO-SOURCE
> Task :feature:forecast:mergeDebugConsumerProguardFiles UP-TO-DATE
> Task :feature:igc:checkDebugAarMetadata UP-TO-DATE
> Task :feature:igc:copyDebugJniLibsProjectAndLocalJars UP-TO-DATE
> Task :feature:flight-runtime:compileDebugKotlin UP-TO-DATE
> Task :feature:igc:mergeDebugGeneratedProguardFiles UP-TO-DATE
> Task :feature:flight-runtime:compileDebugJavaWithJavac UP-TO-DATE
> Task :feature:flight-runtime:processDebugJavaRes UP-TO-DATE
> Task :feature:igc:extractDebugAnnotations UP-TO-DATE
> Task :feature:flight-runtime:transformDebugClassesWithAsm UP-TO-DATE
> Task :feature:flight-runtime:bundleLibCompileToJarDebug UP-TO-DATE
> Task :feature:flight-runtime:bundleLibRuntimeToJarDebug UP-TO-DATE
> Task :feature:flight-runtime:mergeDebugJavaResource UP-TO-DATE
> Task :feature:weather:bundleLibRuntimeToDirDebug UP-TO-DATE
> Task :feature:flight-runtime:extractDebugAnnotations UP-TO-DATE
> Task :core:geometry:bundleDebugAar UP-TO-DATE
> Task :core:geometry:assembleDebug UP-TO-DATE
> Task :feature:flight-runtime:mergeDebugGeneratedProguardFiles UP-TO-DATE
> Task :feature:flight-runtime:syncDebugLibJars UP-TO-DATE
> Task :feature:flight-runtime:mergeDebugConsumerProguardFiles UP-TO-DATE
> Task :feature:igc:mergeDebugConsumerProguardFiles UP-TO-DATE
> Task :feature:flight-runtime:bundleDebugAar UP-TO-DATE
> Task :feature:flight-runtime:assembleDebug UP-TO-DATE
> Task :feature:igc:prepareLintJarForPublish UP-TO-DATE
> Task :feature:forecast:extractDebugAnnotations UP-TO-DATE
> Task :feature:livefollow:stripDebugDebugSymbols NO-SOURCE
> Task :feature:igc:mergeDebugJavaResource UP-TO-DATE
> Task :feature:livefollow:copyDebugJniLibsProjectAndLocalJars UP-TO-DATE
> Task :feature:livefollow:checkDebugAarMetadata UP-TO-DATE
> Task :feature:livefollow:extractDeepLinksForAarDebug UP-TO-DATE
> Task :feature:livefollow:prepareDebugArtProfile UP-TO-DATE
> Task :feature:igc:syncDebugLibJars UP-TO-DATE
> Task :feature:map:stripDebugDebugSymbols NO-SOURCE
> Task :feature:livefollow:prepareLintJarForPublish UP-TO-DATE
> Task :feature:variometer:kspDebugKotlin UP-TO-DATE
> Task :feature:map:extractDeepLinksForAarDebug UP-TO-DATE
> Task :feature:map:copyDebugJniLibsProjectAndLocalJars UP-TO-DATE
> Task :feature:map:prepareLintJarForPublish UP-TO-DATE
> Task :feature:map:prepareDebugArtProfile UP-TO-DATE
> Task :feature:map-runtime:stripDebugDebugSymbols NO-SOURCE
> Task :feature:map:checkDebugAarMetadata UP-TO-DATE
> Task :feature:map-runtime:copyDebugJniLibsProjectAndLocalJars UP-TO-DATE
> Task :feature:map-runtime:extractDeepLinksForAarDebug UP-TO-DATE
> Task :feature:map-runtime:prepareLintJarForPublish UP-TO-DATE
> Task :feature:map-runtime:checkDebugAarMetadata UP-TO-DATE
> Task :feature:variometer:compileDebugKotlin UP-TO-DATE
> Task :feature:profile:stripDebugDebugSymbols NO-SOURCE
> Task :feature:variometer:processDebugJavaRes UP-TO-DATE
> Task :feature:profile:checkDebugAarMetadata UP-TO-DATE
> Task :feature:profile:copyDebugJniLibsProjectAndLocalJars UP-TO-DATE
> Task :feature:variometer:compileDebugJavaWithJavac UP-TO-DATE
> Task :feature:tasks:kspDebugKotlin UP-TO-DATE
> Task :feature:profile:prepareDebugArtProfile UP-TO-DATE
> Task :feature:profile:extractDeepLinksForAarDebug UP-TO-DATE
> Task :feature:profile:prepareLintJarForPublish UP-TO-DATE
> Task :feature:tasks:stripDebugDebugSymbols NO-SOURCE
> Task :feature:map-runtime:prepareDebugArtProfile UP-TO-DATE
> Task :feature:igc:bundleLibRuntimeToDirDebug UP-TO-DATE
> Task :feature:variometer:transformDebugClassesWithAsm UP-TO-DATE
> Task :feature:tasks:copyDebugJniLibsProjectAndLocalJars UP-TO-DATE
> Task :feature:tasks:extractDeepLinksForAarDebug UP-TO-DATE
> Task :feature:variometer:bundleLibCompileToJarDebug UP-TO-DATE
> Task :feature:variometer:bundleLibRuntimeToJarDebug UP-TO-DATE
> Task :feature:tasks:checkDebugAarMetadata UP-TO-DATE
> Task :feature:tasks:compileDebugKotlin UP-TO-DATE
> Task :feature:tasks:processDebugJavaRes UP-TO-DATE
> Task :feature:tasks:compileDebugJavaWithJavac UP-TO-DATE
> Task :dfcards-library:bundleLibRuntimeToDirDebug UP-TO-DATE
> Task :feature:tasks:transformDebugClassesWithAsm UP-TO-DATE
> Task :feature:igc:extractDeepLinksForAarDebug UP-TO-DATE
> Task :feature:tasks:bundleLibRuntimeToJarDebug UP-TO-DATE
> Task :feature:forecast:mergeDebugJavaResource UP-TO-DATE
> Task :feature:tasks:bundleLibCompileToJarDebug UP-TO-DATE
> Task :feature:igc:prepareDebugArtProfile UP-TO-DATE
> Task :feature:flight-runtime:bundleLibRuntimeToDirDebug UP-TO-DATE
> Task :feature:forecast:syncDebugLibJars UP-TO-DATE
> Task :feature:tasks:prepareDebugArtProfile UP-TO-DATE
> Task :feature:tasks:extractDebugAnnotations UP-TO-DATE
> Task :feature:igc:bundleDebugAar UP-TO-DATE
> Task :feature:igc:assembleDebug UP-TO-DATE
> Task :feature:tasks:prepareLintJarForPublish UP-TO-DATE
> Task :feature:tasks:mergeDebugGeneratedProguardFiles UP-TO-DATE
> Task :feature:traffic:stripDebugDebugSymbols NO-SOURCE
> Task :feature:forecast:bundleDebugAar UP-TO-DATE
> Task :feature:forecast:assembleDebug UP-TO-DATE
> Task :feature:tasks:mergeDebugJavaResource UP-TO-DATE
> Task :feature:tasks:mergeDebugConsumerProguardFiles UP-TO-DATE
> Task :feature:traffic:extractDeepLinksForAarDebug UP-TO-DATE
> Task :feature:traffic:copyDebugJniLibsProjectAndLocalJars UP-TO-DATE
> Task :feature:traffic:checkDebugAarMetadata UP-TO-DATE
> Task :feature:variometer:stripDebugDebugSymbols NO-SOURCE
> Task :feature:traffic:prepareLintJarForPublish UP-TO-DATE
> Task :feature:forecast:bundleLibRuntimeToDirDebug UP-TO-DATE
> Task :feature:variometer:copyDebugJniLibsProjectAndLocalJars UP-TO-DATE
> Task :core:ui:mergeDebugJavaResource UP-TO-DATE
> Task :feature:variometer:checkDebugAarMetadata UP-TO-DATE
> Task :feature:variometer:extractDeepLinksForAarDebug UP-TO-DATE
> Task :core:ui:syncDebugLibJars UP-TO-DATE
> Task :feature:variometer:mergeDebugGeneratedProguardFiles UP-TO-DATE
> Task :feature:variometer:prepareDebugArtProfile UP-TO-DATE
> Task :feature:variometer:mergeDebugConsumerProguardFiles UP-TO-DATE
> Task :feature:variometer:prepareLintJarForPublish UP-TO-DATE
> Task :core:ui:bundleDebugAar UP-TO-DATE
> Task :core:ui:assembleDebug UP-TO-DATE
> Task :feature:variometer:mergeDebugJavaResource UP-TO-DATE
> Task :feature:weather:stripDebugDebugSymbols NO-SOURCE
> Task :feature:variometer:extractDebugAnnotations UP-TO-DATE
> Task :feature:weather:checkDebugAarMetadata UP-TO-DATE
> Task :feature:profile:kspDebugKotlin UP-TO-DATE
> Task :feature:weather:extractDeepLinksForAarDebug UP-TO-DATE
> Task :feature:variometer:syncDebugLibJars UP-TO-DATE
> Task :feature:weather:mergeDebugGeneratedProguardFiles UP-TO-DATE
> Task :feature:variometer:bundleLibRuntimeToDirDebug UP-TO-DATE
> Task :feature:weather:copyDebugJniLibsProjectAndLocalJars UP-TO-DATE
> Task :feature:variometer:bundleDebugAar UP-TO-DATE
> Task :feature:variometer:assembleDebug UP-TO-DATE
> Task :feature:weather:mergeDebugConsumerProguardFiles UP-TO-DATE
> Task :feature:weather:prepareDebugArtProfile UP-TO-DATE
> Task :feature:traffic:kspDebugKotlin UP-TO-DATE
> Task :feature:weather:prepareLintJarForPublish UP-TO-DATE
> Task :feature:weglide:stripDebugDebugSymbols NO-SOURCE
> Task :feature:weather:mergeDebugJavaResource UP-TO-DATE
> Task :feature:weather:extractDebugAnnotations UP-TO-DATE
> Task :feature:weglide:extractDeepLinksForAarDebug UP-TO-DATE
> Task :feature:weglide:copyDebugJniLibsProjectAndLocalJars UP-TO-DATE
> Task :feature:weglide:checkDebugAarMetadata UP-TO-DATE
> Task :feature:weglide:prepareDebugArtProfile UP-TO-DATE
> Task :feature:weglide:prepareLintJarForPublish UP-TO-DATE
> Task :feature:profile:compileDebugKotlin UP-TO-DATE
> Task :feature:weather:syncDebugLibJars UP-TO-DATE
> Task :feature:profile:processDebugJavaRes UP-TO-DATE
> Task :feature:profile:compileDebugJavaWithJavac UP-TO-DATE
> Task :feature:traffic:compileDebugKotlin UP-TO-DATE
> Task :feature:traffic:compileDebugJavaWithJavac UP-TO-DATE
> Task :feature:profile:transformDebugClassesWithAsm UP-TO-DATE
> Task :feature:profile:bundleLibCompileToJarDebug UP-TO-DATE
> Task :feature:profile:bundleLibRuntimeToJarDebug UP-TO-DATE
> Task :feature:traffic:transformDebugClassesWithAsm UP-TO-DATE
> Task :feature:traffic:bundleLibCompileToJarDebug UP-TO-DATE
> Task :feature:traffic:bundleLibRuntimeToJarDebug UP-TO-DATE
> Task :feature:traffic:prepareDebugArtProfile UP-TO-DATE
> Task :feature:profile:extractDebugAnnotations UP-TO-DATE
> Task :feature:tasks:syncDebugLibJars UP-TO-DATE
> Task :feature:traffic:processDebugJavaRes UP-TO-DATE
> Task :feature:profile:mergeDebugGeneratedProguardFiles UP-TO-DATE
> Task :feature:profile:mergeDebugConsumerProguardFiles UP-TO-DATE
> Task :feature:tasks:bundleDebugAar UP-TO-DATE
> Task :feature:tasks:assembleDebug UP-TO-DATE
> Task :feature:weglide:kspDebugKotlin UP-TO-DATE
> Task :feature:traffic:mergeDebugGeneratedProguardFiles UP-TO-DATE
> Task :feature:traffic:mergeDebugConsumerProguardFiles UP-TO-DATE
> Task :feature:traffic:mergeDebugJavaResource UP-TO-DATE
> Task :feature:weather:bundleDebugAar UP-TO-DATE
> Task :feature:weather:assembleDebug UP-TO-DATE
> Task :feature:weglide:compileDebugKotlin UP-TO-DATE
> Task :feature:map-runtime:kspDebugKotlin UP-TO-DATE
> Task :feature:livefollow:kspDebugKotlin UP-TO-DATE
> Task :feature:weglide:compileDebugJavaWithJavac UP-TO-DATE
> Task :feature:map-runtime:compileDebugKotlin UP-TO-DATE
> Task :feature:livefollow:compileDebugKotlin UP-TO-DATE
> Task :feature:weglide:transformDebugClassesWithAsm UP-TO-DATE
> Task :feature:profile:mergeDebugJavaResource UP-TO-DATE
> Task :feature:livefollow:processDebugJavaRes UP-TO-DATE
> Task :feature:livefollow:compileDebugJavaWithJavac UP-TO-DATE
> Task :feature:map-runtime:compileDebugJavaWithJavac UP-TO-DATE
> Task :feature:weglide:bundleLibCompileToJarDebug UP-TO-DATE
> Task :feature:weglide:bundleLibRuntimeToJarDebug UP-TO-DATE
> Task :feature:map-runtime:processDebugJavaRes UP-TO-DATE
> Task :feature:weglide:processDebugJavaRes UP-TO-DATE
> Task :feature:map-runtime:transformDebugClassesWithAsm UP-TO-DATE
> Task :feature:livefollow:transformDebugClassesWithAsm UP-TO-DATE
> Task :feature:livefollow:bundleLibCompileToJarDebug UP-TO-DATE
> Task :feature:map-runtime:bundleLibCompileToJarDebug UP-TO-DATE
> Task :feature:livefollow:bundleLibRuntimeToJarDebug UP-TO-DATE
> Task :feature:map-runtime:bundleLibRuntimeToJarDebug UP-TO-DATE
> Task :feature:map:kspDebugKotlin UP-TO-DATE
> Task :feature:weglide:bundleLibRuntimeToDirDebug UP-TO-DATE
> Task :feature:livefollow:mergeDebugGeneratedProguardFiles UP-TO-DATE
> Task :feature:livefollow:mergeDebugConsumerProguardFiles UP-TO-DATE
> Task :feature:livefollow:mergeDebugJavaResource UP-TO-DATE
> Task :feature:map-runtime:bundleLibRuntimeToDirDebug UP-TO-DATE
> Task :feature:tasks:bundleLibRuntimeToDirDebug UP-TO-DATE
> Task :feature:map:compileDebugKotlin UP-TO-DATE
> Task :feature:map-runtime:mergeDebugJavaResource UP-TO-DATE
> Task :feature:map:processDebugJavaRes UP-TO-DATE
> Task :feature:map:compileDebugJavaWithJavac UP-TO-DATE
> Task :feature:profile:syncDebugLibJars UP-TO-DATE
> Task :feature:map:transformDebugClassesWithAsm UP-TO-DATE
> Task :feature:profile:bundleDebugAar UP-TO-DATE
> Task :feature:map:bundleLibCompileToJarDebug UP-TO-DATE
> Task :feature:map:bundleLibRuntimeToJarDebug UP-TO-DATE
> Task :app:kspDebugKotlin UP-TO-DATE
> Task :app:compileDebugKotlin UP-TO-DATE
> Task :feature:map:mergeDebugGeneratedProguardFiles UP-TO-DATE
> Task :feature:map:mergeDebugConsumerProguardFiles UP-TO-DATE
> Task :feature:profile:assembleDebug UP-TO-DATE
> Task :app:compileDebugJavaWithJavac UP-TO-DATE
> Task :app:hiltAggregateDepsDebug UP-TO-DATE
> Task :app:hiltJavaCompileDebug UP-TO-DATE
> Task :feature:map-runtime:extractDebugAnnotations
> Task :app:transformDebugClassesWithAsm UP-TO-DATE
> Task :app:processDebugJavaRes UP-TO-DATE
> Task :feature:livefollow:bundleLibRuntimeToDirDebug UP-TO-DATE
> Task :feature:traffic:extractDebugAnnotations
> Task :app:mergeDebugJavaResource UP-TO-DATE
> Task :feature:livefollow:extractDebugAnnotations
> Task :feature:map-runtime:syncDebugLibJars UP-TO-DATE
> Task :feature:livefollow:syncDebugLibJars UP-TO-DATE
> Task :feature:weglide:mergeDebugGeneratedProguardFiles UP-TO-DATE
> Task :feature:weglide:mergeDebugConsumerProguardFiles UP-TO-DATE
> Task :feature:livefollow:bundleDebugAar UP-TO-DATE
> Task :feature:livefollow:assembleDebug UP-TO-DATE
> Task :feature:weglide:mergeDebugJavaResource UP-TO-DATE
> Task :feature:profile:bundleLibRuntimeToDirDebug UP-TO-DATE
> Task :feature:map-runtime:mergeDebugGeneratedProguardFiles UP-TO-DATE
> Task :app:checkDebugDuplicateClasses UP-TO-DATE
> Task :feature:map-runtime:mergeDebugConsumerProguardFiles UP-TO-DATE
> Task :feature:traffic:bundleLibRuntimeToDirDebug UP-TO-DATE
> Task :feature:map:mergeDebugJavaResource UP-TO-DATE
> Task :feature:map-runtime:bundleDebugAar UP-TO-DATE
> Task :feature:map-runtime:assembleDebug UP-TO-DATE
> Task :feature:weglide:extractDebugAnnotations UP-TO-DATE
> Task :app:mergeDebugNativeLibs UP-TO-DATE
> Task :feature:weglide:syncDebugLibJars UP-TO-DATE
> Task :feature:weglide:bundleDebugAar UP-TO-DATE
> Task :feature:weglide:assembleDebug UP-TO-DATE
> Task :app:stripDebugDebugSymbols UP-TO-DATE
> Task :feature:map:bundleLibRuntimeToDirDebug UP-TO-DATE
> Task :app:mergeExtDexDebug UP-TO-DATE
> Task :feature:map:extractDebugAnnotations
> Task :app:dexBuilderDebug FROM-CACHE
> Task :app:mergeProjectDexDebug UP-TO-DATE
> Task :app:mergeDebugGlobalSynthetics UP-TO-DATE
> Task :app:mergeLibDexDebug UP-TO-DATE
> Task :feature:traffic:syncDebugLibJars
> Task :app:packageDebug
> Task :app:assembleDebug
> Task :app:createDebugApkListingFileRedirect
> Task :feature:traffic:bundleDebugAar
> Task :feature:traffic:assembleDebug
> Task :feature:map:syncDebugLibJars
> Task :feature:map:bundleDebugAar
> Task :feature:map:assembleDebug

BUILD SUCCESSFUL in 3s
618 actionable tasks: 10 executed, 1 from cache, 607 up-to-date
Configuration cache entry reused.
